Build started 20/01/16 14:47:17.
     1>Project "C:\Users\Giacomo\Documents\Dev.new\fft\VisualStudio\libfftw-3.3\libfftw-3.3.vcxproj" on node 2 (Build target(s)).
     1>ClCompile:
         C:\Program Files (x86)\Microsoft Visual Studio 12.0\VC\bin\x86_amd64\CL.exe /c /I"C:\Users\Giacomo\Documents\Dev.new\fft\VisualStudio\libfftw-3.3\\" /I"C:\Users\Giacomo\Documents\Dev.new\fft\VisualStudio\libfftw-3.3\\..\..\api" /I"C:\Users\Giacomo\Documents\Dev.new\fft\VisualStudio\libfftw-3.3\\..\..\kernel" /I"C:\Users\Giacomo\Documents\Dev.new\fft\VisualStudio\libfftw-3.3\\..\..\dft" /I"C:\Users\Giacomo\Documents\Dev.new\fft\VisualStudio\libfftw-3.3\\..\..\dft\simd" /I"C:\Users\Giacomo\Documents\Dev.new\fft\VisualStudio\libfftw-3.3\\..\..\dft\scalar" /I"C:\Users\Giacomo\Documents\Dev.new\fft\VisualStudio\libfftw-3.3\\..\..\rdft" /I"C:\Users\Giacomo\Documents\Dev.new\fft\VisualStudio\libfftw-3.3\\..\..\rdft\simd" /I"C:\Users\Giacomo\Documents\Dev.new\fft\VisualStudio\libfftw-3.3\\..\..\rdft\scalar" /I"C:\Users\Giacomo\Documents\Dev.new\fft\VisualStudio\libfftw-3.3\\..\..\reodft" /I"C:\Users\Giacomo\Documents\Dev.new\fft\VisualStudio\libfftw-3.3\\..\..\simd-support" /I"C:\Users\Giacomo\Documents\Dev.new\fft\VisualStudio\libfftw-3.3\\..\..\threads" /Zi /nologo /W3 /WX- /Od /D FFTW_DLL /D WIN64 /D _WIN64 /D _DEBUG /D _WINDOWS /D _USRDLL /D LIBFFTWF33_EXPORTS /D _WINDLL /Gm /EHsc /RTC1 /MTd /GS /arch:SSE2 /fp:precise /Zc:wchar_t /Zc:forScope /openmp /Fo"x64\Debug\\" /Fd"x64\Debug\vc120.pdb" /Gd /TC /errorReport:prompt "..\..\..\..\..\..\..\temp\fftw-3.3.4\api\mkprinter-str.c"
     1>cl : Command line warning D9002: ignoring unknown option '/arch:SSE2'
         mkprinter-str.c
       Link:
         C:\Program Files (x86)\Microsoft Visual Studio 12.0\VC\bin\x86_amd64\link.exe /ERRORREPORT:PROMPT /OUT:"C:\Users\Giacomo\Documents\Dev.new\fft\VisualStudio\x64\Debug\libfftw-3.3.dll" /INCREMENTAL /NOLOGO kernel32.lib user32.lib gdi32.lib winspool.lib comdlg32.lib advapi32.lib shell32.lib ole32.lib oleaut32.lib uuid.lib odbc32.lib odbccp32.lib /MANIFEST /MANIFESTUAC:"level='asInvoker' uiAccess='false'" /manifest:embed /DEBUG /PDB:"C:\Users\Giacomo\Documents\Dev.new\fft\VisualStudio\x64\Debug\libfftw-3.3.pdb" /SUBSYSTEM:WINDOWS /TLBID:1 /DYNAMICBASE /NXCOMPAT /IMPLIB:"C:\Users\Giacomo\Documents\Dev.new\fft\VisualStudio\x64\Debug\libfftw-3.3.lib" /MACHINE:X64 /DLL "x64\Debug\mkprinter-str.obj"
         x64\Debug\api\apiplan.obj
         x64\Debug\api\configure.obj
         "x64\Debug\api\execute-dft-c2r.obj"
         "x64\Debug\api\execute-dft-r2c.obj"
         "x64\Debug\api\execute-dft.obj"
         "x64\Debug\api\execute-r2r.obj"
         "x64\Debug\api\execute-split-dft-c2r.obj"
         "x64\Debug\api\execute-split-dft-r2c.obj"
         "x64\Debug\api\execute-split-dft.obj"
         x64\Debug\api\execute.obj
         "x64\Debug\api\export-wisdom-to-file.obj"
         "x64\Debug\api\export-wisdom-to-string.obj"
         "x64\Debug\api\export-wisdom.obj"
         x64\Debug\api\f77api.obj
         x64\Debug\api\flops.obj
         "x64\Debug\api\forget-wisdom.obj"
         "x64\Debug\api\import-system-wisdom.obj"
         "x64\Debug\api\import-wisdom-from-file.obj"
         "x64\Debug\api\import-wisdom-from-string.obj"
         "x64\Debug\api\import-wisdom.obj"
         x64\Debug\api\malloc.obj
         "x64\Debug\api\map-r2r-kind.obj"
         x64\Debug\api\mapflags.obj
         "x64\Debug\api\mkprinter-file.obj"
         "x64\Debug\api\mktensor-iodims.obj"
         "x64\Debug\api\mktensor-iodims64.obj"
         "x64\Debug\api\mktensor-rowmajor.obj"
         "x64\Debug\api\plan-dft-1d.obj"
         "x64\Debug\api\plan-dft-2d.obj"
         "x64\Debug\api\plan-dft-3d.obj"
         "x64\Debug\api\plan-dft-c2r-1d.obj"
         "x64\Debug\api\plan-dft-c2r-2d.obj"
         "x64\Debug\api\plan-dft-c2r-3d.obj"
         "x64\Debug\api\plan-dft-c2r.obj"
         "x64\Debug\api\plan-dft-r2c-1d.obj"
         "x64\Debug\api\plan-dft-r2c-2d.obj"
         "x64\Debug\api\plan-dft-r2c-3d.obj"
         "x64\Debug\api\plan-dft-r2c.obj"
         "x64\Debug\api\plan-dft.obj"
         "x64\Debug\api\plan-guru-dft-c2r.obj"
         "x64\Debug\api\plan-guru-dft-r2c.obj"
         "x64\Debug\api\plan-guru-dft.obj"
         "x64\Debug\api\plan-guru-r2r.obj"
         "x64\Debug\api\plan-guru-split-dft-c2r.obj"
         "x64\Debug\api\plan-guru-split-dft-r2c.obj"
         "x64\Debug\api\plan-guru-split-dft.obj"
         "x64\Debug\api\plan-guru64-dft-c2r.obj"
         "x64\Debug\api\plan-guru64-dft-r2c.obj"
         "x64\Debug\api\plan-guru64-dft.obj"
         "x64\Debug\api\plan-guru64-r2r.obj"
         "x64\Debug\api\plan-guru64-split-dft-c2r.obj"
         "x64\Debug\api\plan-guru64-split-dft-r2c.obj"
         "x64\Debug\api\plan-guru64-split-dft.obj"
         "x64\Debug\api\plan-many-dft-c2r.obj"
         "x64\Debug\api\plan-many-dft-r2c.obj"
         "x64\Debug\api\plan-many-dft.obj"
         "x64\Debug\api\plan-many-r2r.obj"
         "x64\Debug\api\plan-r2r-1d.obj"
         "x64\Debug\api\plan-r2r-2d.obj"
         "x64\Debug\api\plan-r2r-3d.obj"
         "x64\Debug\api\plan-r2r.obj"
         "x64\Debug\api\print-plan.obj"
         "x64\Debug\api\rdft2-pad.obj"
         "x64\Debug\api\the-planner.obj"
         x64\Debug\api\version.obj
         x64\Debug\dft\bluestein.obj
         x64\Debug\dft\buffered.obj
         x64\Debug\dft\conf.obj
         x64\Debug\dft\ct.obj
         "x64\Debug\dft\dftw-direct.obj"
         "x64\Debug\dft\dftw-directsq.obj"
         "x64\Debug\dft\dftw-generic.obj"
         "x64\Debug\dft\dftw-genericbuf.obj"
         x64\Debug\dft\direct.obj
         x64\Debug\dft\generic.obj
         "x64\Debug\dft\indirect-transpose.obj"
         x64\Debug\dft\indirect.obj
         "x64\Debug\dft\kdft-dif.obj"
         "x64\Debug\dft\kdft-difsq.obj"
         "x64\Debug\dft\kdft-dit.obj"
         x64\Debug\dft\kdft.obj
         x64\Debug\dft\nop.obj
         x64\Debug\dft\plan.obj
         x64\Debug\dft\problem.obj
         x64\Debug\dft\rader.obj
         "x64\Debug\dft\rank-geq2.obj"
         x64\Debug\dft\solve.obj
         "x64\Debug\dft\vrank-geq1.obj"
         x64\Debug\dft\zero.obj
         x64\Debug\dft\scalar\codelets\codlist.obj
         x64\Debug\dft\scalar\codelets\n1_10.obj
         x64\Debug\dft\scalar\codelets\n1_11.obj
         x64\Debug\dft\scalar\codelets\n1_12.obj
         x64\Debug\dft\scalar\codelets\n1_13.obj
         x64\Debug\dft\scalar\codelets\n1_14.obj
         x64\Debug\dft\scalar\codelets\n1_15.obj
         x64\Debug\dft\scalar\codelets\n1_16.obj
         x64\Debug\dft\scalar\codelets\n1_2.obj
         x64\Debug\dft\scalar\codelets\n1_20.obj
         x64\Debug\dft\scalar\codelets\n1_25.obj
         x64\Debug\dft\scalar\codelets\n1_3.obj
         x64\Debug\dft\scalar\codelets\n1_32.obj
         x64\Debug\dft\scalar\codelets\n1_4.obj
         x64\Debug\dft\scalar\codelets\n1_5.obj
         x64\Debug\dft\scalar\codelets\n1_6.obj
         x64\Debug\dft\scalar\codelets\n1_64.obj
         x64\Debug\dft\scalar\codelets\n1_7.obj
         x64\Debug\dft\scalar\codelets\n1_8.obj
         x64\Debug\dft\scalar\codelets\n1_9.obj
         x64\Debug\dft\scalar\codelets\q1_2.obj
         x64\Debug\dft\scalar\codelets\q1_3.obj
         x64\Debug\dft\scalar\codelets\q1_4.obj
         x64\Debug\dft\scalar\codelets\q1_5.obj
         x64\Debug\dft\scalar\codelets\q1_6.obj
         x64\Debug\dft\scalar\codelets\q1_8.obj
         x64\Debug\dft\scalar\codelets\t1_10.obj
         x64\Debug\dft\scalar\codelets\t1_12.obj
         x64\Debug\dft\scalar\codelets\t1_15.obj
         x64\Debug\dft\scalar\codelets\t1_16.obj
         x64\Debug\dft\scalar\codelets\t1_2.obj
         x64\Debug\dft\scalar\codelets\t1_20.obj
         x64\Debug\dft\scalar\codelets\t1_25.obj
         x64\Debug\dft\scalar\codelets\t1_3.obj
         x64\Debug\dft\scalar\codelets\t1_32.obj
         x64\Debug\dft\scalar\codelets\t1_4.obj
         x64\Debug\dft\scalar\codelets\t1_5.obj
         x64\Debug\dft\scalar\codelets\t1_6.obj
         x64\Debug\dft\scalar\codelets\t1_64.obj
         x64\Debug\dft\scalar\codelets\t1_7.obj
         x64\Debug\dft\scalar\codelets\t1_8.obj
         x64\Debug\dft\scalar\codelets\t1_9.obj
         x64\Debug\dft\scalar\codelets\t2_10.obj
         x64\Debug\dft\scalar\codelets\t2_16.obj
         x64\Debug\dft\scalar\codelets\t2_20.obj
         x64\Debug\dft\scalar\codelets\t2_25.obj
         x64\Debug\dft\scalar\codelets\t2_32.obj
         x64\Debug\dft\scalar\codelets\t2_4.obj
         x64\Debug\dft\scalar\codelets\t2_5.obj
         x64\Debug\dft\scalar\codelets\t2_64.obj
         x64\Debug\dft\scalar\codelets\t2_8.obj
         x64\Debug\dft\scalar\n.obj
         x64\Debug\dft\scalar\t.obj
         x64\Debug\dft\simd\sse2\codlist.obj
         x64\Debug\dft\simd\sse2\genus.obj
         x64\Debug\dft\simd\sse2\n1bv_10.obj
         x64\Debug\dft\simd\sse2\n1bv_11.obj
         x64\Debug\dft\simd\sse2\n1bv_12.obj
         x64\Debug\dft\simd\sse2\n1bv_128.obj
         x64\Debug\dft\simd\sse2\n1bv_13.obj
         x64\Debug\dft\simd\sse2\n1bv_14.obj
         x64\Debug\dft\simd\sse2\n1bv_15.obj
         x64\Debug\dft\simd\sse2\n1bv_16.obj
         x64\Debug\dft\simd\sse2\n1bv_2.obj
         x64\Debug\dft\simd\sse2\n1bv_20.obj
         x64\Debug\dft\simd\sse2\n1bv_25.obj
         x64\Debug\dft\simd\sse2\n1bv_3.obj
         x64\Debug\dft\simd\sse2\n1bv_32.obj
         x64\Debug\dft\simd\sse2\n1bv_4.obj
         x64\Debug\dft\simd\sse2\n1bv_5.obj
         x64\Debug\dft\simd\sse2\n1bv_6.obj
         x64\Debug\dft\simd\sse2\n1bv_64.obj
         x64\Debug\dft\simd\sse2\n1bv_7.obj
         x64\Debug\dft\simd\sse2\n1bv_8.obj
         x64\Debug\dft\simd\sse2\n1bv_9.obj
         x64\Debug\dft\simd\sse2\n1fv_10.obj
         x64\Debug\dft\simd\sse2\n1fv_11.obj
         x64\Debug\dft\simd\sse2\n1fv_12.obj
         x64\Debug\dft\simd\sse2\n1fv_128.obj
         x64\Debug\dft\simd\sse2\n1fv_13.obj
         x64\Debug\dft\simd\sse2\n1fv_14.obj
         x64\Debug\dft\simd\sse2\n1fv_15.obj
         x64\Debug\dft\simd\sse2\n1fv_16.obj
         x64\Debug\dft\simd\sse2\n1fv_2.obj
         x64\Debug\dft\simd\sse2\n1fv_20.obj
         x64\Debug\dft\simd\sse2\n1fv_25.obj
         x64\Debug\dft\simd\sse2\n1fv_3.obj
         x64\Debug\dft\simd\sse2\n1fv_32.obj
         x64\Debug\dft\simd\sse2\n1fv_4.obj
         x64\Debug\dft\simd\sse2\n1fv_5.obj
         x64\Debug\dft\simd\sse2\n1fv_6.obj
         x64\Debug\dft\simd\sse2\n1fv_64.obj
         x64\Debug\dft\simd\sse2\n1fv_7.obj
         x64\Debug\dft\simd\sse2\n1fv_8.obj
         x64\Debug\dft\simd\sse2\n1fv_9.obj
         x64\Debug\dft\simd\sse2\n2bv_10.obj
         x64\Debug\dft\simd\sse2\n2bv_12.obj
         x64\Debug\dft\simd\sse2\n2bv_14.obj
         x64\Debug\dft\simd\sse2\n2bv_16.obj
         x64\Debug\dft\simd\sse2\n2bv_2.obj
         x64\Debug\dft\simd\sse2\n2bv_20.obj
         x64\Debug\dft\simd\sse2\n2bv_32.obj
         x64\Debug\dft\simd\sse2\n2bv_4.obj
         x64\Debug\dft\simd\sse2\n2bv_6.obj
         x64\Debug\dft\simd\sse2\n2bv_64.obj
         x64\Debug\dft\simd\sse2\n2bv_8.obj
         x64\Debug\dft\simd\sse2\n2fv_10.obj
         x64\Debug\dft\simd\sse2\n2fv_12.obj
         x64\Debug\dft\simd\sse2\n2fv_14.obj
         x64\Debug\dft\simd\sse2\n2fv_16.obj
         x64\Debug\dft\simd\sse2\n2fv_2.obj
         x64\Debug\dft\simd\sse2\n2fv_20.obj
         x64\Debug\dft\simd\sse2\n2fv_32.obj
         x64\Debug\dft\simd\sse2\n2fv_4.obj
         x64\Debug\dft\simd\sse2\n2fv_6.obj
         x64\Debug\dft\simd\sse2\n2fv_64.obj
         x64\Debug\dft\simd\sse2\n2fv_8.obj
         x64\Debug\dft\simd\sse2\n2sv_16.obj
         x64\Debug\dft\simd\sse2\n2sv_32.obj
         x64\Debug\dft\simd\sse2\n2sv_4.obj
         x64\Debug\dft\simd\sse2\n2sv_64.obj
         x64\Debug\dft\simd\sse2\n2sv_8.obj
         x64\Debug\dft\simd\sse2\q1bv_2.obj
         x64\Debug\dft\simd\sse2\q1bv_4.obj
         x64\Debug\dft\simd\sse2\q1bv_5.obj
         x64\Debug\dft\simd\sse2\q1bv_8.obj
         x64\Debug\dft\simd\sse2\q1fv_2.obj
         x64\Debug\dft\simd\sse2\q1fv_4.obj
         x64\Debug\dft\simd\sse2\q1fv_5.obj
         x64\Debug\dft\simd\sse2\q1fv_8.obj
         x64\Debug\dft\simd\sse2\t1buv_10.obj
         x64\Debug\dft\simd\sse2\t1buv_2.obj
         x64\Debug\dft\simd\sse2\t1buv_3.obj
         x64\Debug\dft\simd\sse2\t1buv_4.obj
         x64\Debug\dft\simd\sse2\t1buv_5.obj
         x64\Debug\dft\simd\sse2\t1buv_6.obj
         x64\Debug\dft\simd\sse2\t1buv_7.obj
         x64\Debug\dft\simd\sse2\t1buv_8.obj
         x64\Debug\dft\simd\sse2\t1buv_9.obj
         x64\Debug\dft\simd\sse2\t1bv_10.obj
         x64\Debug\dft\simd\sse2\t1bv_12.obj
         x64\Debug\dft\simd\sse2\t1bv_15.obj
         x64\Debug\dft\simd\sse2\t1bv_16.obj
         x64\Debug\dft\simd\sse2\t1bv_2.obj
         x64\Debug\dft\simd\sse2\t1bv_20.obj
         x64\Debug\dft\simd\sse2\t1bv_25.obj
         x64\Debug\dft\simd\sse2\t1bv_3.obj
         x64\Debug\dft\simd\sse2\t1bv_32.obj
         x64\Debug\dft\simd\sse2\t1bv_4.obj
         x64\Debug\dft\simd\sse2\t1bv_5.obj
         x64\Debug\dft\simd\sse2\t1bv_6.obj
         x64\Debug\dft\simd\sse2\t1bv_64.obj
         x64\Debug\dft\simd\sse2\t1bv_7.obj
         x64\Debug\dft\simd\sse2\t1bv_8.obj
         x64\Debug\dft\simd\sse2\t1bv_9.obj
         x64\Debug\dft\simd\sse2\t1fuv_10.obj
         x64\Debug\dft\simd\sse2\t1fuv_2.obj
         x64\Debug\dft\simd\sse2\t1fuv_3.obj
         x64\Debug\dft\simd\sse2\t1fuv_4.obj
         x64\Debug\dft\simd\sse2\t1fuv_5.obj
         x64\Debug\dft\simd\sse2\t1fuv_6.obj
         x64\Debug\dft\simd\sse2\t1fuv_7.obj
         x64\Debug\dft\simd\sse2\t1fuv_8.obj
         x64\Debug\dft\simd\sse2\t1fuv_9.obj
         x64\Debug\dft\simd\sse2\t1fv_10.obj
         x64\Debug\dft\simd\sse2\t1fv_12.obj
         x64\Debug\dft\simd\sse2\t1fv_15.obj
         x64\Debug\dft\simd\sse2\t1fv_16.obj
         x64\Debug\dft\simd\sse2\t1fv_2.obj
         x64\Debug\dft\simd\sse2\t1fv_20.obj
         x64\Debug\dft\simd\sse2\t1fv_25.obj
         x64\Debug\dft\simd\sse2\t1fv_3.obj
         x64\Debug\dft\simd\sse2\t1fv_32.obj
         x64\Debug\dft\simd\sse2\t1fv_4.obj
         x64\Debug\dft\simd\sse2\t1fv_5.obj
         x64\Debug\dft\simd\sse2\t1fv_6.obj
         x64\Debug\dft\simd\sse2\t1fv_64.obj
         x64\Debug\dft\simd\sse2\t1fv_7.obj
         x64\Debug\dft\simd\sse2\t1fv_8.obj
         x64\Debug\dft\simd\sse2\t1fv_9.obj
         x64\Debug\dft\simd\sse2\t1sv_16.obj
         x64\Debug\dft\simd\sse2\t1sv_2.obj
         x64\Debug\dft\simd\sse2\t1sv_32.obj
         x64\Debug\dft\simd\sse2\t1sv_4.obj
         x64\Debug\dft\simd\sse2\t1sv_8.obj
         x64\Debug\dft\simd\sse2\t2bv_10.obj
         x64\Debug\dft\simd\sse2\t2bv_16.obj
         x64\Debug\dft\simd\sse2\t2bv_2.obj
         x64\Debug\dft\simd\sse2\t2bv_20.obj
         x64\Debug\dft\simd\sse2\t2bv_25.obj
         x64\Debug\dft\simd\sse2\t2bv_32.obj
         x64\Debug\dft\simd\sse2\t2bv_4.obj
         x64\Debug\dft\simd\sse2\t2bv_5.obj
         x64\Debug\dft\simd\sse2\t2bv_64.obj
         x64\Debug\dft\simd\sse2\t2bv_8.obj
         x64\Debug\dft\simd\sse2\t2fv_10.obj
         x64\Debug\dft\simd\sse2\t2fv_16.obj
         x64\Debug\dft\simd\sse2\t2fv_2.obj
         x64\Debug\dft\simd\sse2\t2fv_20.obj
         x64\Debug\dft\simd\sse2\t2fv_25.obj
         x64\Debug\dft\simd\sse2\t2fv_32.obj
         x64\Debug\dft\simd\sse2\t2fv_4.obj
         x64\Debug\dft\simd\sse2\t2fv_5.obj
         x64\Debug\dft\simd\sse2\t2fv_64.obj
         x64\Debug\dft\simd\sse2\t2fv_8.obj
         x64\Debug\dft\simd\sse2\t2sv_16.obj
         x64\Debug\dft\simd\sse2\t2sv_32.obj
         x64\Debug\dft\simd\sse2\t2sv_4.obj
         x64\Debug\dft\simd\sse2\t2sv_8.obj
         x64\Debug\dft\simd\sse2\t3bv_10.obj
         x64\Debug\dft\simd\sse2\t3bv_16.obj
         x64\Debug\dft\simd\sse2\t3bv_20.obj
         x64\Debug\dft\simd\sse2\t3bv_25.obj
         x64\Debug\dft\simd\sse2\t3bv_32.obj
         x64\Debug\dft\simd\sse2\t3bv_4.obj
         x64\Debug\dft\simd\sse2\t3bv_5.obj
         x64\Debug\dft\simd\sse2\t3bv_8.obj
         x64\Debug\dft\simd\sse2\t3fv_10.obj
         x64\Debug\dft\simd\sse2\t3fv_16.obj
         x64\Debug\dft\simd\sse2\t3fv_20.obj
         x64\Debug\dft\simd\sse2\t3fv_25.obj
         x64\Debug\dft\simd\sse2\t3fv_32.obj
         x64\Debug\dft\simd\sse2\t3fv_4.obj
         x64\Debug\dft\simd\sse2\t3fv_5.obj
         x64\Debug\dft\simd\sse2\t3fv_8.obj
         x64\Debug\kernel\align.obj
         x64\Debug\kernel\alloc.obj
         x64\Debug\kernel\assert.obj
         x64\Debug\kernel\awake.obj
         x64\Debug\kernel\buffered.obj
         x64\Debug\kernel\cpy1d.obj
         "x64\Debug\kernel\cpy2d-pair.obj"
         x64\Debug\kernel\cpy2d.obj
         x64\Debug\kernel\ct.obj
         x64\Debug\kernel\debug.obj
         "x64\Debug\kernel\extract-reim.obj"
         x64\Debug\kernel\hash.obj
         x64\Debug\kernel\iabs.obj
         x64\Debug\kernel\kalloc.obj
         "x64\Debug\kernel\md5-1.obj"
         x64\Debug\kernel\md5.obj
         x64\Debug\kernel\minmax.obj
         x64\Debug\kernel\ops.obj
         x64\Debug\kernel\pickdim.obj
         x64\Debug\kernel\plan.obj
         x64\Debug\kernel\planner.obj
         x64\Debug\kernel\primes.obj
         x64\Debug\kernel\print.obj
         x64\Debug\kernel\problem.obj
         x64\Debug\kernel\rader.obj
         x64\Debug\kernel\scan.obj
         x64\Debug\kernel\solver.obj
         x64\Debug\kernel\solvtab.obj
         x64\Debug\kernel\stride.obj
         x64\Debug\kernel\tensor.obj
         x64\Debug\kernel\tensor1.obj
         x64\Debug\kernel\tensor2.obj
         x64\Debug\kernel\tensor3.obj
         x64\Debug\kernel\tensor4.obj
         x64\Debug\kernel\tensor5.obj
         x64\Debug\kernel\tensor7.obj
         x64\Debug\kernel\tensor8.obj
         x64\Debug\kernel\tensor9.obj
         x64\Debug\kernel\tile2d.obj
         x64\Debug\kernel\timer.obj
         x64\Debug\kernel\transpose.obj
         x64\Debug\kernel\trig.obj
         x64\Debug\kernel\twiddle.obj
         x64\Debug\rdft\buffered.obj
         x64\Debug\rdft\buffered2.obj
         x64\Debug\rdft\conf.obj
         "x64\Debug\rdft\ct-hc2c-direct.obj"
         "x64\Debug\rdft\ct-hc2c.obj"
         "x64\Debug\rdft\dft-r2hc.obj"
         "x64\Debug\rdft\dht-r2hc.obj"
         "x64\Debug\rdft\dht-rader.obj"
         "x64\Debug\rdft\direct-r2c.obj"
         "x64\Debug\rdft\direct-r2r.obj"
         x64\Debug\rdft\direct2.obj
         x64\Debug\rdft\generic.obj
         "x64\Debug\rdft\hc2hc-direct.obj"
         "x64\Debug\rdft\hc2hc-generic.obj"
         x64\Debug\rdft\hc2hc.obj
         x64\Debug\rdft\indirect.obj
         x64\Debug\rdft\khc2c.obj
         x64\Debug\rdft\khc2hc.obj
         x64\Debug\rdft\kr2c.obj
         x64\Debug\rdft\kr2r.obj
         x64\Debug\rdft\nop.obj
         x64\Debug\rdft\nop2.obj
         x64\Debug\rdft\plan.obj
         x64\Debug\rdft\plan2.obj
         x64\Debug\rdft\problem.obj
         x64\Debug\rdft\problem2.obj
         "x64\Debug\rdft\rank-geq2-rdft2.obj"
         "x64\Debug\rdft\rank-geq2.obj"
         "x64\Debug\rdft\rank0-rdft2.obj"
         x64\Debug\rdft\rank0.obj
         "x64\Debug\rdft\rdft-dht.obj"
         "x64\Debug\rdft\rdft2-inplace-strides.obj"
         "x64\Debug\rdft\rdft2-rdft.obj"
         "x64\Debug\rdft\rdft2-strides.obj"
         "x64\Debug\rdft\rdft2-tensor-max-index.obj"
         x64\Debug\rdft\solve.obj
         x64\Debug\rdft\solve2.obj
         "x64\Debug\rdft\vrank-geq1-rdft2.obj"
         "x64\Debug\rdft\vrank-geq1.obj"
         "x64\Debug\rdft\vrank3-transpose.obj"
         x64\Debug\rdft\scalar\hc2c.obj
         x64\Debug\rdft\scalar\hfb.obj
         x64\Debug\rdft\scalar\r2c.obj
         x64\Debug\rdft\scalar\r2r.obj
         x64\Debug\rdft\scalar\r2cb\codlist.obj
         x64\Debug\rdft\scalar\r2cb\hb2_16.obj
         x64\Debug\rdft\scalar\r2cb\hb2_20.obj
         x64\Debug\rdft\scalar\r2cb\hb2_25.obj
         x64\Debug\rdft\scalar\r2cb\hb2_32.obj
         x64\Debug\rdft\scalar\r2cb\hb2_4.obj
         x64\Debug\rdft\scalar\r2cb\hb2_5.obj
         x64\Debug\rdft\scalar\r2cb\hb2_8.obj
         x64\Debug\rdft\scalar\r2cb\hb_10.obj
         x64\Debug\rdft\scalar\r2cb\hb_12.obj
         x64\Debug\rdft\scalar\r2cb\hb_15.obj
         x64\Debug\rdft\scalar\r2cb\hb_16.obj
         x64\Debug\rdft\scalar\r2cb\hb_2.obj
         x64\Debug\rdft\scalar\r2cb\hb_20.obj
         x64\Debug\rdft\scalar\r2cb\hb_25.obj
         x64\Debug\rdft\scalar\r2cb\hb_3.obj
         x64\Debug\rdft\scalar\r2cb\hb_32.obj
         x64\Debug\rdft\scalar\r2cb\hb_4.obj
         x64\Debug\rdft\scalar\r2cb\hb_5.obj
         x64\Debug\rdft\scalar\r2cb\hb_6.obj
         x64\Debug\rdft\scalar\r2cb\hb_64.obj
         x64\Debug\rdft\scalar\r2cb\hb_7.obj
         x64\Debug\rdft\scalar\r2cb\hb_8.obj
         x64\Debug\rdft\scalar\r2cb\hb_9.obj
         x64\Debug\rdft\scalar\r2cb\hc2cb2_16.obj
         x64\Debug\rdft\scalar\r2cb\hc2cb2_20.obj
         x64\Debug\rdft\scalar\r2cb\hc2cb2_32.obj
         x64\Debug\rdft\scalar\r2cb\hc2cb2_4.obj
         x64\Debug\rdft\scalar\r2cb\hc2cb2_8.obj
         x64\Debug\rdft\scalar\r2cb\hc2cbdft2_16.obj
         x64\Debug\rdft\scalar\r2cb\hc2cbdft2_20.obj
         x64\Debug\rdft\scalar\r2cb\hc2cbdft2_32.obj
         x64\Debug\rdft\scalar\r2cb\hc2cbdft2_4.obj
         x64\Debug\rdft\scalar\r2cb\hc2cbdft2_8.obj
         x64\Debug\rdft\scalar\r2cb\hc2cbdft_10.obj
         x64\Debug\rdft\scalar\r2cb\hc2cbdft_12.obj
         x64\Debug\rdft\scalar\r2cb\hc2cbdft_16.obj
         x64\Debug\rdft\scalar\r2cb\hc2cbdft_2.obj
         x64\Debug\rdft\scalar\r2cb\hc2cbdft_20.obj
         x64\Debug\rdft\scalar\r2cb\hc2cbdft_32.obj
         x64\Debug\rdft\scalar\r2cb\hc2cbdft_4.obj
         x64\Debug\rdft\scalar\r2cb\hc2cbdft_6.obj
         x64\Debug\rdft\scalar\r2cb\hc2cbdft_8.obj
         x64\Debug\rdft\scalar\r2cb\hc2cb_10.obj
         x64\Debug\rdft\scalar\r2cb\hc2cb_12.obj
         x64\Debug\rdft\scalar\r2cb\hc2cb_16.obj
         x64\Debug\rdft\scalar\r2cb\hc2cb_2.obj
         x64\Debug\rdft\scalar\r2cb\hc2cb_20.obj
         x64\Debug\rdft\scalar\r2cb\hc2cb_32.obj
         x64\Debug\rdft\scalar\r2cb\hc2cb_4.obj
         x64\Debug\rdft\scalar\r2cb\hc2cb_6.obj
         x64\Debug\rdft\scalar\r2cb\hc2cb_8.obj
         x64\Debug\rdft\scalar\r2cb\r2cbIII_10.obj
         x64\Debug\rdft\scalar\r2cb\r2cbIII_12.obj
         x64\Debug\rdft\scalar\r2cb\r2cbIII_15.obj
         x64\Debug\rdft\scalar\r2cb\r2cbIII_16.obj
         x64\Debug\rdft\scalar\r2cb\r2cbIII_2.obj
         x64\Debug\rdft\scalar\r2cb\r2cbIII_20.obj
         x64\Debug\rdft\scalar\r2cb\r2cbIII_25.obj
         x64\Debug\rdft\scalar\r2cb\r2cbIII_3.obj
         x64\Debug\rdft\scalar\r2cb\r2cbIII_32.obj
         x64\Debug\rdft\scalar\r2cb\r2cbIII_4.obj
         x64\Debug\rdft\scalar\r2cb\r2cbIII_5.obj
         x64\Debug\rdft\scalar\r2cb\r2cbIII_6.obj
         x64\Debug\rdft\scalar\r2cb\r2cbIII_64.obj
         x64\Debug\rdft\scalar\r2cb\r2cbIII_7.obj
         x64\Debug\rdft\scalar\r2cb\r2cbIII_8.obj
         x64\Debug\rdft\scalar\r2cb\r2cbIII_9.obj
         x64\Debug\rdft\scalar\r2cb\r2cb_10.obj
         x64\Debug\rdft\scalar\r2cb\r2cb_11.obj
         x64\Debug\rdft\scalar\r2cb\r2cb_12.obj
         x64\Debug\rdft\scalar\r2cb\r2cb_128.obj
         x64\Debug\rdft\scalar\r2cb\r2cb_13.obj
         x64\Debug\rdft\scalar\r2cb\r2cb_14.obj
         x64\Debug\rdft\scalar\r2cb\r2cb_15.obj
         x64\Debug\rdft\scalar\r2cb\r2cb_16.obj
         x64\Debug\rdft\scalar\r2cb\r2cb_2.obj
         x64\Debug\rdft\scalar\r2cb\r2cb_20.obj
         x64\Debug\rdft\scalar\r2cb\r2cb_25.obj
         x64\Debug\rdft\scalar\r2cb\r2cb_3.obj
         x64\Debug\rdft\scalar\r2cb\r2cb_32.obj
         x64\Debug\rdft\scalar\r2cb\r2cb_4.obj
         x64\Debug\rdft\scalar\r2cb\r2cb_5.obj
         x64\Debug\rdft\scalar\r2cb\r2cb_6.obj
         x64\Debug\rdft\scalar\r2cb\r2cb_64.obj
         x64\Debug\rdft\scalar\r2cb\r2cb_7.obj
         x64\Debug\rdft\scalar\r2cb\r2cb_8.obj
         x64\Debug\rdft\scalar\r2cb\r2cb_9.obj
         x64\Debug\rdft\scalar\r2cf\codlist.obj
         x64\Debug\rdft\scalar\r2cf\hc2cf2_16.obj
         x64\Debug\rdft\scalar\r2cf\hc2cf2_20.obj
         x64\Debug\rdft\scalar\r2cf\hc2cf2_32.obj
         x64\Debug\rdft\scalar\r2cf\hc2cf2_4.obj
         x64\Debug\rdft\scalar\r2cf\hc2cf2_8.obj
         x64\Debug\rdft\scalar\r2cf\hc2cfdft2_16.obj
         x64\Debug\rdft\scalar\r2cf\hc2cfdft2_20.obj
         x64\Debug\rdft\scalar\r2cf\hc2cfdft2_32.obj
         x64\Debug\rdft\scalar\r2cf\hc2cfdft2_4.obj
         x64\Debug\rdft\scalar\r2cf\hc2cfdft2_8.obj
         x64\Debug\rdft\scalar\r2cf\hc2cfdft_10.obj
         x64\Debug\rdft\scalar\r2cf\hc2cfdft_12.obj
         x64\Debug\rdft\scalar\r2cf\hc2cfdft_16.obj
         x64\Debug\rdft\scalar\r2cf\hc2cfdft_2.obj
         x64\Debug\rdft\scalar\r2cf\hc2cfdft_20.obj
         x64\Debug\rdft\scalar\r2cf\hc2cfdft_32.obj
         x64\Debug\rdft\scalar\r2cf\hc2cfdft_4.obj
         x64\Debug\rdft\scalar\r2cf\hc2cfdft_6.obj
         x64\Debug\rdft\scalar\r2cf\hc2cfdft_8.obj
         x64\Debug\rdft\scalar\r2cf\hc2cf_10.obj
         x64\Debug\rdft\scalar\r2cf\hc2cf_12.obj
         x64\Debug\rdft\scalar\r2cf\hc2cf_16.obj
         x64\Debug\rdft\scalar\r2cf\hc2cf_2.obj
         x64\Debug\rdft\scalar\r2cf\hc2cf_20.obj
         x64\Debug\rdft\scalar\r2cf\hc2cf_32.obj
         x64\Debug\rdft\scalar\r2cf\hc2cf_4.obj
         x64\Debug\rdft\scalar\r2cf\hc2cf_6.obj
         x64\Debug\rdft\scalar\r2cf\hc2cf_8.obj
         x64\Debug\rdft\scalar\r2cf\hf2_16.obj
         x64\Debug\rdft\scalar\r2cf\hf2_20.obj
         x64\Debug\rdft\scalar\r2cf\hf2_25.obj
         x64\Debug\rdft\scalar\r2cf\hf2_32.obj
         x64\Debug\rdft\scalar\r2cf\hf2_4.obj
         x64\Debug\rdft\scalar\r2cf\hf2_5.obj
         x64\Debug\rdft\scalar\r2cf\hf2_8.obj
         x64\Debug\rdft\scalar\r2cf\hf_10.obj
         x64\Debug\rdft\scalar\r2cf\hf_12.obj
         x64\Debug\rdft\scalar\r2cf\hf_15.obj
         x64\Debug\rdft\scalar\r2cf\hf_16.obj
         x64\Debug\rdft\scalar\r2cf\hf_2.obj
         x64\Debug\rdft\scalar\r2cf\hf_20.obj
         x64\Debug\rdft\scalar\r2cf\hf_25.obj
         x64\Debug\rdft\scalar\r2cf\hf_3.obj
         x64\Debug\rdft\scalar\r2cf\hf_32.obj
         x64\Debug\rdft\scalar\r2cf\hf_4.obj
         x64\Debug\rdft\scalar\r2cf\hf_5.obj
         x64\Debug\rdft\scalar\r2cf\hf_6.obj
         x64\Debug\rdft\scalar\r2cf\hf_64.obj
         x64\Debug\rdft\scalar\r2cf\hf_7.obj
         x64\Debug\rdft\scalar\r2cf\hf_8.obj
         x64\Debug\rdft\scalar\r2cf\hf_9.obj
         x64\Debug\rdft\scalar\r2cf\r2cfII_10.obj
         x64\Debug\rdft\scalar\r2cf\r2cfII_12.obj
         x64\Debug\rdft\scalar\r2cf\r2cfII_15.obj
         x64\Debug\rdft\scalar\r2cf\r2cfII_16.obj
         x64\Debug\rdft\scalar\r2cf\r2cfII_2.obj
         x64\Debug\rdft\scalar\r2cf\r2cfII_20.obj
         x64\Debug\rdft\scalar\r2cf\r2cfII_25.obj
         x64\Debug\rdft\scalar\r2cf\r2cfII_3.obj
         x64\Debug\rdft\scalar\r2cf\r2cfII_32.obj
         x64\Debug\rdft\scalar\r2cf\r2cfII_4.obj
         x64\Debug\rdft\scalar\r2cf\r2cfII_5.obj
         x64\Debug\rdft\scalar\r2cf\r2cfII_6.obj
         x64\Debug\rdft\scalar\r2cf\r2cfII_64.obj
         x64\Debug\rdft\scalar\r2cf\r2cfII_7.obj
         x64\Debug\rdft\scalar\r2cf\r2cfII_8.obj
         x64\Debug\rdft\scalar\r2cf\r2cfII_9.obj
         x64\Debug\rdft\scalar\r2cf\r2cf_10.obj
         x64\Debug\rdft\scalar\r2cf\r2cf_11.obj
         x64\Debug\rdft\scalar\r2cf\r2cf_12.obj
         x64\Debug\rdft\scalar\r2cf\r2cf_128.obj
         x64\Debug\rdft\scalar\r2cf\r2cf_13.obj
         x64\Debug\rdft\scalar\r2cf\r2cf_14.obj
         x64\Debug\rdft\scalar\r2cf\r2cf_15.obj
         x64\Debug\rdft\scalar\r2cf\r2cf_16.obj
         x64\Debug\rdft\scalar\r2cf\r2cf_2.obj
         x64\Debug\rdft\scalar\r2cf\r2cf_20.obj
         x64\Debug\rdft\scalar\r2cf\r2cf_25.obj
         x64\Debug\rdft\scalar\r2cf\r2cf_3.obj
         x64\Debug\rdft\scalar\r2cf\r2cf_32.obj
         x64\Debug\rdft\scalar\r2cf\r2cf_4.obj
         x64\Debug\rdft\scalar\r2cf\r2cf_5.obj
         x64\Debug\rdft\scalar\r2cf\r2cf_6.obj
         x64\Debug\rdft\scalar\r2cf\r2cf_64.obj
         x64\Debug\rdft\scalar\r2cf\r2cf_7.obj
         x64\Debug\rdft\scalar\r2cf\r2cf_8.obj
         x64\Debug\rdft\scalar\r2cf\r2cf_9.obj
         x64\Debug\rdft\scalar\r2r\codlist.obj
         x64\Debug\rdft\scalar\r2r\e01_8.obj
         x64\Debug\rdft\scalar\r2r\e10_8.obj
         x64\Debug\rdft\simd\sse2\codlist.obj
         x64\Debug\rdft\simd\sse2\genus.obj
         x64\Debug\rdft\simd\sse2\hc2cbdftv_10.obj
         x64\Debug\rdft\simd\sse2\hc2cbdftv_12.obj
         x64\Debug\rdft\simd\sse2\hc2cbdftv_16.obj
         x64\Debug\rdft\simd\sse2\hc2cbdftv_2.obj
         x64\Debug\rdft\simd\sse2\hc2cbdftv_20.obj
         x64\Debug\rdft\simd\sse2\hc2cbdftv_32.obj
         x64\Debug\rdft\simd\sse2\hc2cbdftv_4.obj
         x64\Debug\rdft\simd\sse2\hc2cbdftv_6.obj
         x64\Debug\rdft\simd\sse2\hc2cbdftv_8.obj
         x64\Debug\rdft\simd\sse2\hc2cfdftv_10.obj
         x64\Debug\rdft\simd\sse2\hc2cfdftv_12.obj
         x64\Debug\rdft\simd\sse2\hc2cfdftv_16.obj
         x64\Debug\rdft\simd\sse2\hc2cfdftv_2.obj
         x64\Debug\rdft\simd\sse2\hc2cfdftv_20.obj
         x64\Debug\rdft\simd\sse2\hc2cfdftv_32.obj
         x64\Debug\rdft\simd\sse2\hc2cfdftv_4.obj
         x64\Debug\rdft\simd\sse2\hc2cfdftv_6.obj
         x64\Debug\rdft\simd\sse2\hc2cfdftv_8.obj
         x64\Debug\reodft\conf.obj
         "x64\Debug\reodft\redft00e-r2hc-pad.obj"
         "x64\Debug\reodft\redft00e-r2hc.obj"
         "x64\Debug\reodft\reodft00e-splitradix.obj"
         "x64\Debug\reodft\reodft010e-r2hc.obj"
         "x64\Debug\reodft\reodft11e-r2hc-odd.obj"
         "x64\Debug\reodft\reodft11e-r2hc.obj"
         "x64\Debug\reodft\reodft11e-radix2.obj"
         "x64\Debug\reodft\rodft00e-r2hc-pad.obj"
         "x64\Debug\reodft\rodft00e-r2hc.obj"
         "x64\Debug\simd-support\sse2-nonportable.obj"
         "x64\Debug\simd-support\sse2.obj"
         "x64\Debug\simd-support\taint.obj"
         x64\Debug\threads\api.obj
         x64\Debug\threads\conf.obj
         x64\Debug\threads\ct.obj
         "x64\Debug\threads\dft-vrank-geq1.obj"
         x64\Debug\threads\f77api.obj
         x64\Debug\threads\hc2hc.obj
         x64\Debug\threads\openmp.obj
         "x64\Debug\threads\rdft-vrank-geq1.obj"
         "x64\Debug\threads\vrank-geq1-rdft2.obj"
            Creating library C:\Users\Giacomo\Documents\Dev.new\fft\VisualStudio\x64\Debug\libfftw-3.3.lib and object C:\Users\Giacomo\Documents\Dev.new\fft\VisualStudio\x64\Debug\libfftw-3.3.exp
         libfftw-3.3.vcxproj -> C:\Users\Giacomo\Documents\Dev.new\fft\VisualStudio\x64\Debug\libfftw-3.3.dll
     1>Done Building Project "C:\Users\Giacomo\Documents\Dev.new\fft\VisualStudio\libfftw-3.3\libfftw-3.3.vcxproj" (Build target(s)).

Build succeeded.

Time Elapsed 00:00:02.38
